  FbxLoader.cpp
c:\users\garam\documents\visual studio 2015\projects\d3d11myengine\d3d11myengine\fbxloader.cpp(122): warning C4018: '<': signed 또는 unsigned가 일치하지 않습니다.
c:\users\garam\documents\visual studio 2015\projects\d3d11myengine\d3d11myengine\fbxloader.cpp(140): warning C4244: '인수': '__int64'에서 'unsigned int'(으)로 변환하면서 데이터가 손실될 수 있습니다.
c:\users\garam\documents\visual studio 2015\projects\d3d11myengine\d3d11myengine\fbxloader.cpp(146): warning C4244: '인수': '__int64'에서 'int'(으)로 변환하면서 데이터가 손실될 수 있습니다.
c:\users\garam\documents\visual studio 2015\projects\d3d11myengine\d3d11myengine\fbxloader.cpp(151): warning C4244: '인수': '__int64'에서 'unsigned int'(으)로 변환하면서 데이터가 손실될 수 있습니다.
c:\users\garam\documents\visual studio 2015\projects\d3d11myengine\d3d11myengine\fbxloader.cpp(158): warning C4244: '인수': '__int64'에서 'unsigned int'(으)로 변환하면서 데이터가 손실될 수 있습니다.
c:\users\garam\documents\visual studio 2015\projects\d3d11myengine\d3d11myengine\fbxloader.cpp(159): warning C4244: '인수': '__int64'에서 'unsigned int'(으)로 변환하면서 데이터가 손실될 수 있습니다.
c:\users\garam\documents\visual studio 2015\projects\d3d11myengine\d3d11myengine\fbxloader.cpp(160): warning C4244: '인수': '__int64'에서 'unsigned int'(으)로 변환하면서 데이터가 손실될 수 있습니다.
c:\users\garam\documents\visual studio 2015\projects\d3d11myengine\d3d11myengine\fbxloader.cpp(185): warning C4018: '<': signed 또는 unsigned가 일치하지 않습니다.
c:\users\garam\documents\visual studio 2015\projects\d3d11myengine\d3d11myengine\fbxloader.cpp(187): warning C4018: '<': signed 또는 unsigned가 일치하지 않습니다.
c:\users\garam\documents\visual studio 2015\projects\d3d11myengine\d3d11myengine\fbxloader.cpp(189): warning C4018: '<': signed 또는 unsigned가 일치하지 않습니다.
c:\users\garam\documents\visual studio 2015\projects\d3d11myengine\d3d11myengine\fbxloader.cpp(232): warning C4018: '<': signed 또는 unsigned가 일치하지 않습니다.
c:\users\garam\documents\visual studio 2015\projects\d3d11myengine\d3d11myengine\fbxloader.cpp(253): warning C4244: '=': 'fbxsdk::FbxDouble'에서 'FLOAT'(으)로 변환하면서 데이터가 손실될 수 있습니다.
c:\users\garam\documents\visual studio 2015\projects\d3d11myengine\d3d11myengine\fbxloader.cpp(254): warning C4244: '=': 'fbxsdk::FbxDouble'에서 'FLOAT'(으)로 변환하면서 데이터가 손실될 수 있습니다.
c:\users\garam\documents\visual studio 2015\projects\d3d11myengine\d3d11myengine\fbxloader.cpp(255): warning C4244: '=': 'fbxsdk::FbxDouble'에서 'FLOAT'(으)로 변환하면서 데이터가 손실될 수 있습니다.
c:\users\garam\documents\visual studio 2015\projects\d3d11myengine\d3d11myengine\fbxloader.cpp(256): warning C4244: '=': 'fbxsdk::FbxDouble'에서 'FLOAT'(으)로 변환하면서 데이터가 손실될 수 있습니다.
c:\users\garam\documents\visual studio 2015\projects\d3d11myengine\d3d11myengine\fbxloader.cpp(257): warning C4244: '=': 'fbxsdk::FbxDouble'에서 'FLOAT'(으)로 변환하면서 데이터가 손실될 수 있습니다.
c:\users\garam\documents\visual studio 2015\projects\d3d11myengine\d3d11myengine\fbxloader.cpp(258): warning C4244: '=': 'fbxsdk::FbxDouble'에서 'FLOAT'(으)로 변환하면서 데이터가 손실될 수 있습니다.
c:\users\garam\documents\visual studio 2015\projects\d3d11myengine\d3d11myengine\fbxloader.cpp(259): warning C4244: '=': 'fbxsdk::FbxDouble'에서 'FLOAT'(으)로 변환하면서 데이터가 손실될 수 있습니다.
c:\users\garam\documents\visual studio 2015\projects\d3d11myengine\d3d11myengine\fbxloader.cpp(260): warning C4244: '=': 'fbxsdk::FbxDouble'에서 'FLOAT'(으)로 변환하면서 데이터가 손실될 수 있습니다.
c:\users\garam\documents\visual studio 2015\projects\d3d11myengine\d3d11myengine\fbxloader.cpp(319): warning C4018: '<': signed 또는 unsigned가 일치하지 않습니다.
c:\users\garam\documents\visual studio 2015\projects\d3d11myengine\d3d11myengine\fbxloader.cpp(424): warning C4244: '=': 'fbxsdk::FbxDouble'에서 'FLOAT'(으)로 변환하면서 데이터가 손실될 수 있습니다.
c:\users\garam\documents\visual studio 2015\projects\d3d11myengine\d3d11myengine\fbxloader.cpp(425): warning C4244: '=': 'fbxsdk::FbxDouble'에서 'FLOAT'(으)로 변환하면서 데이터가 손실될 수 있습니다.
c:\users\garam\documents\visual studio 2015\projects\d3d11myengine\d3d11myengine\fbxloader.cpp(426): warning C4244: '=': 'fbxsdk::FbxDouble'에서 'FLOAT'(으)로 변환하면서 데이터가 손실될 수 있습니다.
  D3D11MyEngine.vcxproj -> C:\Users\Garam\Documents\Visual Studio 2015\Projects\D3D11MyEngine\Debug\D3D11MyEngine.exe
  D3D11MyEngine.vcxproj -> C:\Users\Garam\Documents\Visual Studio 2015\Projects\D3D11MyEngine\Debug\D3D11MyEngine.pdb (Full PDB)
